<?xml version="1.0" encoding="UTF-8"?>
<testsuite xmlns:xsi="http://www.w3.org/2001/XMLSchema-instance" xsi:noNamespaceSchemaLocation="https://maven.apache.org/surefire/maven-surefire-plugin/xsd/surefire-test-report.xsd" name="TestSuite" time="18.652" tests="4" errors="0" skipped="0" failures="0">
  <properties>
    <property name="gopherProxySet" value="false"/>
    <property name="awt.toolkit" value="sun.lwawt.macosx.LWCToolkit"/>
    <property name="java.specification.version" value="11"/>
    <property name="sun.cpu.isalist" value=""/>
    <property name="sun.jnu.encoding" value="UTF-8"/>
    <property name="java.class.path" value="/Users/subodhsingh/Desktop/subodh/automation/automationCoders/git/automationCoders/target/test-classes:/Users/subodhsingh/Desktop/subodh/automation/automationCoders/git/automationCoders/target/classes:/Users/subodhsingh/.m2/repository/io/appium/java-client/7.3.0/java-client-7.3.0.jar:/Users/subodhsingh/.m2/repository/org/seleniumhq/selenium/selenium-java/3.141.59/selenium-java-3.141.59.jar:/Users/subodhsingh/.m2/repository/org/seleniumhq/selenium/selenium-chrome-driver/3.141.59/selenium-chrome-driver-3.141.59.jar:/Users/subodhsingh/.m2/repository/org/seleniumhq/selenium/selenium-edge-driver/3.141.59/selenium-edge-driver-3.141.59.jar:/Users/subodhsingh/.m2/repository/org/seleniumhq/selenium/selenium-firefox-driver/3.141.59/selenium-firefox-driver-3.141.59.jar:/Users/subodhsingh/.m2/repository/org/seleniumhq/selenium/selenium-ie-driver/3.141.59/selenium-ie-driver-3.141.59.jar:/Users/subodhsingh/.m2/repository/org/seleniumhq/selenium/selenium-opera-driver/3.141.59/selenium-opera-driver-3.141.59.jar:/Users/subodhsingh/.m2/repository/org/seleniumhq/selenium/selenium-remote-driver/3.141.59/selenium-remote-driver-3.141.59.jar:/Users/subodhsingh/.m2/repository/org/seleniumhq/selenium/selenium-safari-driver/3.141.59/selenium-safari-driver-3.141.59.jar:/Users/subodhsingh/.m2/repository/net/bytebuddy/byte-buddy/1.8.15/byte-buddy-1.8.15.jar:/Users/subodhsingh/.m2/repository/org/apache/commons/commons-exec/1.3/commons-exec-1.3.jar:/Users/subodhsingh/.m2/repository/com/google/guava/guava/25.0-jre/guava-25.0-jre.jar:/Users/subodhsingh/.m2/repository/com/google/code/findbugs/jsr305/1.3.9/jsr305-1.3.9.jar:/Users/subodhsingh/.m2/repository/org/checkerframework/checker-compat-qual/2.0.0/checker-compat-qual-2.0.0.jar:/Users/subodhsingh/.m2/repository/com/google/errorprone/error_prone_annotations/2.1.3/error_prone_annotations-2.1.3.jar:/Users/subodhsingh/.m2/repository/com/google/j2objc/j2objc-annotations/1.1/j2objc-annotations-1.1.jar:/Users/subodhsingh/.m2/repository/org/codehaus/mojo/animal-sniffer-annotations/1.14/animal-sniffer-annotations-1.14.jar:/Users/subodhsingh/.m2/repository/com/squareup/okhttp3/okhttp/3.11.0/okhttp-3.11.0.jar:/Users/subodhsingh/.m2/repository/com/squareup/okio/okio/1.14.0/okio-1.14.0.jar:/Users/subodhsingh/.m2/repository/org/seleniumhq/selenium/selenium-support/3.141.59/selenium-support-3.141.59.jar:/Users/subodhsingh/.m2/repository/org/seleniumhq/selenium/selenium-api/3.141.59/selenium-api-3.141.59.jar:/Users/subodhsingh/.m2/repository/com/google/code/gson/gson/2.8.5/gson-2.8.5.jar:/Users/subodhsingh/.m2/repository/org/apache/httpcomponents/httpclient/4.5.9/httpclient-4.5.9.jar:/Users/subodhsingh/.m2/repository/org/apache/httpcomponents/httpcore/4.4.11/httpcore-4.4.11.jar:/Users/subodhsingh/.m2/repository/commons-logging/commons-logging/1.2/commons-logging-1.2.jar:/Users/subodhsingh/.m2/repository/commons-codec/commons-codec/1.11/commons-codec-1.11.jar:/Users/subodhsingh/.m2/repository/cglib/cglib/3.2.12/cglib-3.2.12.jar:/Users/subodhsingh/.m2/repository/org/ow2/asm/asm/7.1/asm-7.1.jar:/Users/subodhsingh/.m2/repository/commons-validator/commons-validator/1.6/commons-validator-1.6.jar:/Users/subodhsingh/.m2/repository/commons-beanutils/commons-beanutils/1.9.2/commons-beanutils-1.9.2.jar:/Users/subodhsingh/.m2/repository/commons-digester/commons-digester/1.8.1/commons-digester-1.8.1.jar:/Users/subodhsingh/.m2/repository/commons-collections/commons-collections/3.2.2/commons-collections-3.2.2.jar:/Users/subodhsingh/.m2/repository/org/apache/commons/commons-lang3/3.9/commons-lang3-3.9.jar:/Users/subodhsingh/.m2/repository/commons-io/commons-io/2.6/commons-io-2.6.jar:/Users/subodhsingh/.m2/repository/org/springframework/spring-context/5.1.8.RELEASE/spring-context-5.1.8.RELEASE.jar:/Users/subodhsingh/.m2/repository/org/springframework/spring-aop/5.1.8.RELEASE/spring-aop-5.1.8.RELEASE.jar:/Users/subodhsingh/.m2/repository/org/springframework/spring-beans/5.1.8.RELEASE/spring-beans-5.1.8.RELEASE.jar:/Users/subodhsingh/.m2/repository/org/springframework/spring-core/5.1.8.RELEASE/spring-core-5.1.8.RELEASE.jar:/Users/subodhsingh/.m2/repository/org/springframework/spring-jcl/5.1.8.RELEASE/spring-jcl-5.1.8.RELEASE.jar:/Users/subodhsingh/.m2/repository/org/springframework/spring-expression/5.1.8.RELEASE/spring-expression-5.1.8.RELEASE.jar:/Users/subodhsingh/.m2/repository/org/aspectj/aspectjweaver/1.9.4/aspectjweaver-1.9.4.jar:/Users/subodhsingh/.m2/repository/org/slf4j/slf4j-api/1.7.26/slf4j-api-1.7.26.jar:/Users/subodhsingh/.m2/repository/org/testng/testng/7.1.0/testng-7.1.0.jar:/Users/subodhsingh/.m2/repository/com/beust/jcommander/1.72/jcommander-1.72.jar:/Users/subodhsingh/.m2/repository/com/google/inject/guice/4.1.0/guice-4.1.0-no_aop.jar:/Users/subodhsingh/.m2/repository/javax/inject/javax.inject/1/javax.inject-1.jar:/Users/subodhsingh/.m2/repository/aopalliance/aopalliance/1.0/aopalliance-1.0.jar:/Users/subodhsingh/.m2/repository/org/yaml/snakeyaml/1.21/snakeyaml-1.21.jar:/Users/subodhsingh/.m2/repository/com/aventstack/extentreports/4.1.5/extentreports-4.1.5.jar:/Users/subodhsingh/.m2/repository/org/freemarker/freemarker/2.3.29/freemarker-2.3.29.jar:/Users/subodhsingh/.m2/repository/org/apache/httpcomponents/httpmime/4.5.2/httpmime-4.5.2.jar:/Users/subodhsingh/.m2/repository/org/mongodb/mongodb-driver/3.12.0/mongodb-driver-3.12.0.jar:/Users/subodhsingh/.m2/repository/org/mongodb/mongodb-driver-core/3.12.0/mongodb-driver-core-3.12.0.jar:/Users/subodhsingh/.m2/repository/org/mongodb/bson/3.12.0/bson-3.12.0.jar:/Users/subodhsingh/.m2/repository/org/apache/logging/log4j/log4j-core/2.13.3/log4j-core-2.13.3.jar:/Users/subodhsingh/.m2/repository/org/apache/logging/log4j/log4j-api/2.13.3/log4j-api-2.13.3.jar:/Users/subodhsingh/.m2/repository/io/rest-assured/rest-assured/4.3.0/rest-assured-4.3.0.jar:/Users/subodhsingh/.m2/repository/org/codehaus/groovy/groovy/3.0.2/groovy-3.0.2.jar:/Users/subodhsingh/.m2/repository/org/codehaus/groovy/groovy-xml/3.0.2/groovy-xml-3.0.2.jar:/Users/subodhsingh/.m2/repository/org/hamcrest/hamcrest/2.1/hamcrest-2.1.jar:/Users/subodhsingh/.m2/repository/org/ccil/cowan/tagsoup/tagsoup/1.2.1/tagsoup-1.2.1.jar:/Users/subodhsingh/.m2/repository/io/rest-assured/json-path/4.3.0/json-path-4.3.0.jar:/Users/subodhsingh/.m2/repository/org/codehaus/groovy/groovy-json/3.0.2/groovy-json-3.0.2.jar:/Users/subodhsingh/.m2/repository/io/rest-assured/rest-assured-common/4.3.0/rest-assured-common-4.3.0.jar:/Users/subodhsingh/.m2/repository/io/rest-assured/xml-path/4.3.0/xml-path-4.3.0.jar:/Users/subodhsingh/.m2/repository/jakarta/xml/bind/jakarta.xml.bind-api/2.3.2/jakarta.xml.bind-api-2.3.2.jar:/Users/subodhsingh/.m2/repository/jakarta/activation/jakarta.activation-api/1.2.1/jakarta.activation-api-1.2.1.jar:/Users/subodhsingh/.m2/repository/com/sun/xml/bind/jaxb-osgi/2.3.0.1/jaxb-osgi-2.3.0.1.jar:/Users/subodhsingh/.m2/repository/org/apache/sling/org.apache.sling.javax.activation/0.1.0/org.apache.sling.javax.activation-0.1.0.jar:/Users/subodhsingh/.m2/repository/javax/activation/activation/1.1.1/activation-1.1.1.jar:/Users/subodhsingh/.m2/repository/io/github/bonigarcia/webdrivermanager/4.0.0/webdrivermanager-4.0.0.jar:/Users/subodhsingh/.m2/repository/org/apache/httpcomponents/client5/httpclient5/5.0/httpclient5-5.0.jar:/Users/subodhsingh/.m2/repository/org/apache/httpcomponents/core5/httpcore5/5.0/httpcore5-5.0.jar:/Users/subodhsingh/.m2/repository/org/apache/httpcomponents/core5/httpcore5-h2/5.0/httpcore5-h2-5.0.jar:/Users/subodhsingh/.m2/repository/org/rauschig/jarchivelib/1.0.0/jarchivelib-1.0.0.jar:/Users/subodhsingh/.m2/repository/org/apache/commons/commons-compress/1.18/commons-compress-1.18.jar:/Users/subodhsingh/.m2/repository/org/jsoup/jsoup/1.13.1/jsoup-1.13.1.jar:"/>
    <property name="java.vm.vendor" value="JetBrains s.r.o."/>
    <property name="sun.arch.data.model" value="64"/>
    <property name="java.vendor.url" value="https://www.jetbrains.com/"/>
    <property name="user.timezone" value=""/>
    <property name="java.vm.specification.version" value="11"/>
    <property name="os.name" value="Mac OS X"/>
    <property name="sun.java.launcher" value="SUN_STANDARD"/>
    <property name="user.country" value="GB"/>
    <property name="sun.boot.library.path" value="/Applications/IntelliJ IDEA CE.app/Contents/jbr/Contents/Home/lib"/>
    <property name="sun.java.command" value="/Users/subodhsingh/Desktop/subodh/automation/automationCoders/git/automationCoders/target/surefire/surefirebooter12452289336068403389.jar /Users/subodhsingh/Desktop/subodh/automation/automationCoders/git/automationCoders/target/surefire 2020-07-06T01-20-45_615-jvmRun1 surefire12182366615510162044tmp surefire_013702376493933575598tmp"/>
    <property name="http.nonProxyHosts" value="local|*.local|169.254/16|*.169.254/16"/>
    <property name="jdk.debug" value="release"/>
    <property name="surefire.test.class.path" value="/Users/subodhsingh/Desktop/subodh/automation/automationCoders/git/automationCoders/target/test-classes:/Users/subodhsingh/Desktop/subodh/automation/automationCoders/git/automationCoders/target/classes:/Users/subodhsingh/.m2/repository/io/appium/java-client/7.3.0/java-client-7.3.0.jar:/Users/subodhsingh/.m2/repository/org/seleniumhq/selenium/selenium-java/3.141.59/selenium-java-3.141.59.jar:/Users/subodhsingh/.m2/repository/org/seleniumhq/selenium/selenium-chrome-driver/3.141.59/selenium-chrome-driver-3.141.59.jar:/Users/subodhsingh/.m2/repository/org/seleniumhq/selenium/selenium-edge-driver/3.141.59/selenium-edge-driver-3.141.59.jar:/Users/subodhsingh/.m2/repository/org/seleniumhq/selenium/selenium-firefox-driver/3.141.59/selenium-firefox-driver-3.141.59.jar:/Users/subodhsingh/.m2/repository/org/seleniumhq/selenium/selenium-ie-driver/3.141.59/selenium-ie-driver-3.141.59.jar:/Users/subodhsingh/.m2/repository/org/seleniumhq/selenium/selenium-opera-driver/3.141.59/selenium-opera-driver-3.141.59.jar:/Users/subodhsingh/.m2/repository/org/seleniumhq/selenium/selenium-remote-driver/3.141.59/selenium-remote-driver-3.141.59.jar:/Users/subodhsingh/.m2/repository/org/seleniumhq/selenium/selenium-safari-driver/3.141.59/selenium-safari-driver-3.141.59.jar:/Users/subodhsingh/.m2/repository/net/bytebuddy/byte-buddy/1.8.15/byte-buddy-1.8.15.jar:/Users/subodhsingh/.m2/repository/org/apache/commons/commons-exec/1.3/commons-exec-1.3.jar:/Users/subodhsingh/.m2/repository/com/google/guava/guava/25.0-jre/guava-25.0-jre.jar:/Users/subodhsingh/.m2/repository/com/google/code/findbugs/jsr305/1.3.9/jsr305-1.3.9.jar:/Users/subodhsingh/.m2/repository/org/checkerframework/checker-compat-qual/2.0.0/checker-compat-qual-2.0.0.jar:/Users/subodhsingh/.m2/repository/com/google/errorprone/error_prone_annotations/2.1.3/error_prone_annotations-2.1.3.jar:/Users/subodhsingh/.m2/repository/com/google/j2objc/j2objc-annotations/1.1/j2objc-annotations-1.1.jar:/Users/subodhsingh/.m2/repository/org/codehaus/mojo/animal-sniffer-annotations/1.14/animal-sniffer-annotations-1.14.jar:/Users/subodhsingh/.m2/repository/com/squareup/okhttp3/okhttp/3.11.0/okhttp-3.11.0.jar:/Users/subodhsingh/.m2/repository/com/squareup/okio/okio/1.14.0/okio-1.14.0.jar:/Users/subodhsingh/.m2/repository/org/seleniumhq/selenium/selenium-support/3.141.59/selenium-support-3.141.59.jar:/Users/subodhsingh/.m2/repository/org/seleniumhq/selenium/selenium-api/3.141.59/selenium-api-3.141.59.jar:/Users/subodhsingh/.m2/repository/com/google/code/gson/gson/2.8.5/gson-2.8.5.jar:/Users/subodhsingh/.m2/repository/org/apache/httpcomponents/httpclient/4.5.9/httpclient-4.5.9.jar:/Users/subodhsingh/.m2/repository/org/apache/httpcomponents/httpcore/4.4.11/httpcore-4.4.11.jar:/Users/subodhsingh/.m2/repository/commons-logging/commons-logging/1.2/commons-logging-1.2.jar:/Users/subodhsingh/.m2/repository/commons-codec/commons-codec/1.11/commons-codec-1.11.jar:/Users/subodhsingh/.m2/repository/cglib/cglib/3.2.12/cglib-3.2.12.jar:/Users/subodhsingh/.m2/repository/org/ow2/asm/asm/7.1/asm-7.1.jar:/Users/subodhsingh/.m2/repository/commons-validator/commons-validator/1.6/commons-validator-1.6.jar:/Users/subodhsingh/.m2/repository/commons-beanutils/commons-beanutils/1.9.2/commons-beanutils-1.9.2.jar:/Users/subodhsingh/.m2/repository/commons-digester/commons-digester/1.8.1/commons-digester-1.8.1.jar:/Users/subodhsingh/.m2/repository/commons-collections/commons-collections/3.2.2/commons-collections-3.2.2.jar:/Users/subodhsingh/.m2/repository/org/apache/commons/commons-lang3/3.9/commons-lang3-3.9.jar:/Users/subodhsingh/.m2/repository/commons-io/commons-io/2.6/commons-io-2.6.jar:/Users/subodhsingh/.m2/repository/org/springframework/spring-context/5.1.8.RELEASE/spring-context-5.1.8.RELEASE.jar:/Users/subodhsingh/.m2/repository/org/springframework/spring-aop/5.1.8.RELEASE/spring-aop-5.1.8.RELEASE.jar:/Users/subodhsingh/.m2/repository/org/springframework/spring-beans/5.1.8.RELEASE/spring-beans-5.1.8.RELEASE.jar:/Users/subodhsingh/.m2/repository/org/springframework/spring-core/5.1.8.RELEASE/spring-core-5.1.8.RELEASE.jar:/Users/subodhsingh/.m2/repository/org/springframework/spring-jcl/5.1.8.RELEASE/spring-jcl-5.1.8.RELEASE.jar:/Users/subodhsingh/.m2/repository/org/springframework/spring-expression/5.1.8.RELEASE/spring-expression-5.1.8.RELEASE.jar:/Users/subodhsingh/.m2/repository/org/aspectj/aspectjweaver/1.9.4/aspectjweaver-1.9.4.jar:/Users/subodhsingh/.m2/repository/org/slf4j/slf4j-api/1.7.26/slf4j-api-1.7.26.jar:/Users/subodhsingh/.m2/repository/org/testng/testng/7.1.0/testng-7.1.0.jar:/Users/subodhsingh/.m2/repository/com/beust/jcommander/1.72/jcommander-1.72.jar:/Users/subodhsingh/.m2/repository/com/google/inject/guice/4.1.0/guice-4.1.0-no_aop.jar:/Users/subodhsingh/.m2/repository/javax/inject/javax.inject/1/javax.inject-1.jar:/Users/subodhsingh/.m2/repository/aopalliance/aopalliance/1.0/aopalliance-1.0.jar:/Users/subodhsingh/.m2/repository/org/yaml/snakeyaml/1.21/snakeyaml-1.21.jar:/Users/subodhsingh/.m2/repository/com/aventstack/extentreports/4.1.5/extentreports-4.1.5.jar:/Users/subodhsingh/.m2/repository/org/freemarker/freemarker/2.3.29/freemarker-2.3.29.jar:/Users/subodhsingh/.m2/repository/org/apache/httpcomponents/httpmime/4.5.2/httpmime-4.5.2.jar:/Users/subodhsingh/.m2/repository/org/mongodb/mongodb-driver/3.12.0/mongodb-driver-3.12.0.jar:/Users/subodhsingh/.m2/repository/org/mongodb/mongodb-driver-core/3.12.0/mongodb-driver-core-3.12.0.jar:/Users/subodhsingh/.m2/repository/org/mongodb/bson/3.12.0/bson-3.12.0.jar:/Users/subodhsingh/.m2/repository/org/apache/logging/log4j/log4j-core/2.13.3/log4j-core-2.13.3.jar:/Users/subodhsingh/.m2/repository/org/apache/logging/log4j/log4j-api/2.13.3/log4j-api-2.13.3.jar:/Users/subodhsingh/.m2/repository/io/rest-assured/rest-assured/4.3.0/rest-assured-4.3.0.jar:/Users/subodhsingh/.m2/repository/org/codehaus/groovy/groovy/3.0.2/groovy-3.0.2.jar:/Users/subodhsingh/.m2/repository/org/codehaus/groovy/groovy-xml/3.0.2/groovy-xml-3.0.2.jar:/Users/subodhsingh/.m2/repository/org/hamcrest/hamcrest/2.1/hamcrest-2.1.jar:/Users/subodhsingh/.m2/repository/org/ccil/cowan/tagsoup/tagsoup/1.2.1/tagsoup-1.2.1.jar:/Users/subodhsingh/.m2/repository/io/rest-assured/json-path/4.3.0/json-path-4.3.0.jar:/Users/subodhsingh/.m2/repository/org/codehaus/groovy/groovy-json/3.0.2/groovy-json-3.0.2.jar:/Users/subodhsingh/.m2/repository/io/rest-assured/rest-assured-common/4.3.0/rest-assured-common-4.3.0.jar:/Users/subodhsingh/.m2/repository/io/rest-assured/xml-path/4.3.0/xml-path-4.3.0.jar:/Users/subodhsingh/.m2/repository/jakarta/xml/bind/jakarta.xml.bind-api/2.3.2/jakarta.xml.bind-api-2.3.2.jar:/Users/subodhsingh/.m2/repository/jakarta/activation/jakarta.activation-api/1.2.1/jakarta.activation-api-1.2.1.jar:/Users/subodhsingh/.m2/repository/com/sun/xml/bind/jaxb-osgi/2.3.0.1/jaxb-osgi-2.3.0.1.jar:/Users/subodhsingh/.m2/repository/org/apache/sling/org.apache.sling.javax.activation/0.1.0/org.apache.sling.javax.activation-0.1.0.jar:/Users/subodhsingh/.m2/repository/javax/activation/activation/1.1.1/activation-1.1.1.jar:/Users/subodhsingh/.m2/repository/io/github/bonigarcia/webdrivermanager/4.0.0/webdrivermanager-4.0.0.jar:/Users/subodhsingh/.m2/repository/org/apache/httpcomponents/client5/httpclient5/5.0/httpclient5-5.0.jar:/Users/subodhsingh/.m2/repository/org/apache/httpcomponents/core5/httpcore5/5.0/httpcore5-5.0.jar:/Users/subodhsingh/.m2/repository/org/apache/httpcomponents/core5/httpcore5-h2/5.0/httpcore5-h2-5.0.jar:/Users/subodhsingh/.m2/repository/org/rauschig/jarchivelib/1.0.0/jarchivelib-1.0.0.jar:/Users/subodhsingh/.m2/repository/org/apache/commons/commons-compress/1.18/commons-compress-1.18.jar:/Users/subodhsingh/.m2/repository/org/jsoup/jsoup/1.13.1/jsoup-1.13.1.jar:"/>
    <property name="sun.cpu.endian" value="little"/>
    <property name="user.home" value="/Users/subodhsingh"/>
    <property name="user.language" value="en"/>
    <property name="java.specification.vendor" value="Oracle Corporation"/>
    <property name="java.version.date" value="2020-04-14"/>
    <property name="java.home" value="/Applications/IntelliJ IDEA CE.app/Contents/jbr/Contents/Home"/>
    <property name="file.separator" value="/"/>
    <property name="basedir" value="/Users/subodhsingh/Desktop/subodh/automation/automationCoders/git/automationCoders"/>
    <property name="java.vm.compressedOopsMode" value="Zero based"/>
    <property name="line.separator" value="&#10;"/>
    <property name="java.specification.name" value="Java Platform API Specification"/>
    <property name="java.vm.specification.vendor" value="Oracle Corporation"/>
    <property name="java.awt.graphicsenv" value="sun.awt.CGraphicsEnvironment"/>
    <property name="idea.version2020.1.2" value="true"/>
    <property name="surefire.real.class.path" value="/Users/subodhsingh/Desktop/subodh/automation/automationCoders/git/automationCoders/target/surefire/surefirebooter12452289336068403389.jar"/>
    <property name="sun.management.compiler" value="HotSpot 64-Bit Tiered Compilers"/>
    <property name="ftp.nonProxyHosts" value="local|*.local|169.254/16|*.169.254/16"/>
    <property name="java.runtime.version" value="11.0.7+10-b765.53"/>
    <property name="user.name" value="subodhsingh"/>
    <property name="path.separator" value=":"/>
    <property name="os.version" value="10.15.5"/>
    <property name="java.runtime.name" value="OpenJDK Runtime Environment"/>
    <property name="file.encoding" value="UTF-8"/>
    <property name="java.vm.name" value="OpenJDK 64-Bit Server VM"/>
    <property name="java.vendor.version" value="JBR-11.0.7.10-765.53-jfx"/>
    <property name="localRepository" value="/Users/subodhsingh/.m2/repository"/>
    <property name="java.vendor.url.bug" value="https://youtrack.jetbrains.com"/>
    <property name="java.io.tmpdir" value="/var/folders/w1/178wb5p16d1cxbf89dws3q_80000gn/T/"/>
    <property name="java.version" value="11.0.7"/>
    <property name="user.dir" value="/Users/subodhsingh/Desktop/subodh/automation/automationCoders/git/automationCoders"/>
    <property name="os.arch" value="x86_64"/>
    <property name="java.vm.specification.name" value="Java Virtual Machine Specification"/>
    <property name="java.awt.printerjob" value="sun.lwawt.macosx.CPrinterJob"/>
    <property name="sun.os.patch.level" value="unknown"/>
    <property name="java.library.path" value="/Users/subodhsingh/Library/Java/Extensions:/Library/Java/Extensions:/Network/Library/Java/Extensions:/System/Library/Java/Extensions:/usr/lib/java:."/>
    <property name="java.vendor" value="JetBrains s.r.o."/>
    <property name="java.vm.info" value="mixed mode"/>
    <property name="java.vm.version" value="11.0.7+10-b765.53"/>
    <property name="sun.io.unicode.encoding" value="UnicodeBig"/>
    <property name="java.class.version" value="55.0"/>
    <property name="socksNonProxyHosts" value="local|*.local|169.254/16|*.169.254/16"/>
  </properties>
  <testcase name="googleSearchTest" classname="googleTest.GoogleSearchTest" time="3.549"/>
  <testcase name="googleSearchTest" classname="googleTest.GoogleSearchTest" time="2.25"/>
  <testcase name="validateGoogleMenusControlsAreEnabled" classname="googleTest.GoogleSearchTest" time="0.07"/>
  <testcase name="validateGoogleSearchControlsAreEnabled" classname="googleTest.GoogleSearchTest" time="0.037"/>
</testsuite>