<?xml version="1.0" encoding="UTF-8"?>
<!-- Generated by org.testng.reporters.JUnitReportReporter -->
<testsuite hostname="Subodhs-MacBook-Pro.local" failures="0" tests="4" name="googleTest.GoogleSearchTest" time="11.698" errors="0" timestamp="2020-07-06T01:32:51 IST" skipped="0">
  <testcase classname="googleTest.GoogleSearchTest" name="googleSearchTest" time="5.996"/>
  <system-out>
PASS;GoogleSearchPage->doSearch: Value Appium is entered on element By.name: q;/Users/subodhsingh/Desktop/subodh/automation/automationCoders/git/automationCoders/com/automationCoders/reports/screenShots/web/GoogleSearchPage.png PASS;GoogleSearchPage->doSearchBy.xpath: (//input[@name='btnK'])[2] is clicked PASS;GoogleSearchFlow->googleSearch: Search is done navigated to page Appium - Google Search INFO;GoogleSearchFlow->googleSearch: Search Result output - About 24,00,000 results (0.34 seconds)   </system-out>
  <testcase classname="googleTest.GoogleSearchTest" name="googleSearchTest" time="4.556"/>
  <system-out>
PASS;GoogleSearchPage->doSearch: Value Selenium is entered on element By.name: q;/Users/subodhsingh/Desktop/subodh/automation/automationCoders/git/automationCoders/com/automationCoders/reports/screenShots/web/GoogleSearchPage.png PASS;GoogleSearchPage->doSearchBy.xpath: (//input[@name='btnK'])[2] is clicked PASS;GoogleSearchFlow->googleSearch: Search is done navigated to page Selenium - Google Search INFO;GoogleSearchFlow->googleSearch: Search Result output - About 4,09,00,000 results (0.46 seconds)   </system-out>
  <testcase classname="googleTest.GoogleSearchTest" name="validateGoogleSearchControlsAreEnabled" time="0.534"/>
  <system-out>
PASS;GoogleSearchFlow->validateGoogleSearchControlsAreEnabled: Google Search Button is enabled on Google Search Page. PASS;GoogleSearchFlow->validateGoogleSearchControlsAreEnabled: I'm felling Lucky Button is enabled on Google Search Page.  </system-out>
  <testcase classname="googleTest.GoogleSearchTest" name="validateGoogleMenusControlsAreEnabled" time="0.612"/>
  <system-out>
PASS;GoogleSearchFlow->validateGoogleMenusIsEnabled: Gmail link is enabled on Google Search Page. PASS;GoogleSearchFlow->validateGoogleMenusIsEnabled: Images link is enabled on Google Search Page. PASS;GoogleSearchFlow->validateGoogleMenusIsEnabled: Google Apps link is enabled on Google Search Page. PASS;GoogleSearchFlow->validateGoogleMenusIsEnabled: Sign In link is enabled on Google Search Page.  </system-out>
</testsuite> <!-- googleTest.GoogleSearchTest -->
