<?xml version="1.0" encoding="UTF-8"?>
<!-- Generated by org.testng.reporters.JUnitReportReporter -->
<testsuite hostname="Subodhs-MacBook-Pro.local" failures="0" tests="4" name="googleTest.GoogleSearchTest" time="12.815" errors="0" timestamp="2020-07-06T01:21:04 IST" skipped="0">
  <testcase classname="googleTest.GoogleSearchTest" name="validateGoogleMenusControlsAreEnabled" time="0.777"/>
  <system-out>
PASS;GoogleSearchFlow->validateGoogleMenusIsEnabled: Gmail link is enabled on Google Search Page. PASS;GoogleSearchFlow->validateGoogleMenusIsEnabled: Images link is enabled on Google Search Page. PASS;GoogleSearchFlow->validateGoogleMenusIsEnabled: Google Apps link is enabled on Google Search Page. PASS;GoogleSearchFlow->validateGoogleMenusIsEnabled: Sign In link is enabled on Google Search Page.  </system-out>
  <testcase classname="googleTest.GoogleSearchTest" name="googleSearchTest" time="4.031"/>
  <system-out>
PASS;GoogleSearchPage->doSearch: Value Appium is entered on element By.name: q;/Users/subodhsingh/Desktop/subodh/automation/automationCoders/git/automationCoders/com/automationCoders/reports/screenShots/web/GoogleSearchPage.png PASS;GoogleSearchPage->doSearchBy.xpath: (//input[@name='btnK'])[2] is clicked PASS;GoogleSearchFlow->googleSearch: Search is done navigated to page Appium - Google Search INFO;GoogleSearchFlow->googleSearch: Search Result output - About 26,80,000 results (0.38 seconds)   </system-out>
  <testcase classname="googleTest.GoogleSearchTest" name="validateGoogleSearchControlsAreEnabled" time="0.694"/>
  <system-out>
PASS;GoogleSearchFlow->validateGoogleSearchControlsAreEnabled: Google Search Button is enabled on Google Search Page. PASS;GoogleSearchFlow->validateGoogleSearchControlsAreEnabled: I'm felling Lucky Button is enabled on Google Search Page.  </system-out>
  <testcase classname="googleTest.GoogleSearchTest" name="googleSearchTest" time="7.313"/>
  <system-out>
PASS;GoogleSearchPage->doSearch: Value Selenium is entered on element By.name: q;/Users/subodhsingh/Desktop/subodh/automation/automationCoders/git/automationCoders/com/automationCoders/reports/screenShots/web/GoogleSearchPage.png PASS;GoogleSearchPage->doSearchBy.xpath: (//input[@name='btnK'])[2] is clicked PASS;GoogleSearchFlow->googleSearch: Search is done navigated to page Selenium - Google Search INFO;GoogleSearchFlow->googleSearch: Search Result output - About 3,92,00,000 results (0.44 seconds)   </system-out>
</testsuite> <!-- googleTest.GoogleSearchTest -->
